<?xml version="1.0" encoding="UTF-8"?>
<!-- Generated by org.testng.reporters.JUnitReportReporter -->
<testsuite hostname="WBOX62" failures="0" tests="1" name="com.metamaskLogin.TestHeadless" time="28.827" errors="0" timestamp="17 Aug 2024 06:22:08 GMT" skipped="0">
  <testcase classname="com.metamaskLogin.TestHeadless" name="login" time="28.827"/>
</testsuite> <!-- com.metamaskLogin.TestHeadless -->
